0 info it worked if it ends with ok
1 verbose cli [ '/usr/local/Cellar/node/0.8.16/bin/node',
1 verbose cli   '/usr/local/bin/npm',
1 verbose cli   'start' ]
2 info using npm@1.1.69
3 info using node@v0.8.16
4 verbose read json /Users/richardleggett/Dropbox/ScreenKit/repo/server/package.json
5 verbose run-script [ 'prestart', 'start', 'poststart' ]
6 info prestart screenkit@0.0.1
7 info start screenkit@0.0.1
8 verbose unsafe-perm in lifecycle true
9 silly exec sh "-c" "node demo.js"
10 silly sh,-c,node demo.js,/Users/richardleggett/Dropbox/ScreenKit/repo/server spawning
11 info screenkit@0.0.1 Failed to exec start script
12 error screenkit@0.0.1 start: `node demo.js`
12 error `sh "-c" "node demo.js"` failed with 1
13 error Failed at the screenkit@0.0.1 start script.
13 error This is most likely a problem with the screenkit package,
13 error not with npm itself.
13 error Tell the author that this fails on your system:
13 error     node demo.js
13 error You can get their info via:
13 error     npm owner ls screenkit
13 error There is likely additional logging output above.
14 error System Darwin 12.2.0
15 error command "/usr/local/Cellar/node/0.8.16/bin/node" "/usr/local/bin/npm" "start"
16 error cwd /Users/richardleggett/Dropbox/ScreenKit/repo/server
17 error node -v v0.8.16
18 error npm -v 1.1.69
19 error code ELIFECYCLE
20 verbose exit [ 1, true ]
